Using pre-set license
Built from '2022.3/staging' branch; Version is '2022.3.9f1 (ea401c316338) revision 15351836'; Using compiler version '192829333'; Build Type 'Release'
OS: 'Windows 11  (10.0.22621) 64bit Core' Language: 'en' Physical Memory: 16076 MB
BatchMode: 1, IsHumanControllingUs: 0, StartBugReporterOnCrash: 0, Is64bit: 1, IsPro: 1

COMMAND LINE ARGUMENTS:
C:\Program Files\Unity\Hub\Editor\2022.3.9f1\Editor\Unity.exe
-adb2
-batchMode
-noUpm
-name
AssetImportWorker2
-projectPath
C:/Users/rhysc/OneDrive/Documents/GitHub/csc470-fall2023/assignments/04_flight
-logFile
Logs/AssetImportWorker2.log
-srvPort
58258
Successfully changed project path to: C:/Users/rhysc/OneDrive/Documents/GitHub/csc470-fall2023/assignments/04_flight
C:/Users/rhysc/OneDrive/Documents/GitHub/csc470-fall2023/assignments/04_flight
[UnityMemory] Configuration Parameters - Can be set up in boot.config
    "memorysetup-bucket-allocator-granularity=16"
    "memorysetup-bucket-allocator-bucket-count=8"
    "memorysetup-bucket-allocator-block-size=33554432"
    "memorysetup-bucket-allocator-block-count=8"
    "memorysetup-main-allocator-block-size=16777216"
    "memorysetup-thread-allocator-block-size=16777216"
    "memorysetup-gfx-main-allocator-block-size=16777216"
    "memorysetup-gfx-thread-allocator-block-size=16777216"
    "memorysetup-cache-allocator-block-size=4194304"
    "memorysetup-typetree-allocator-block-size=2097152"
    "memorysetup-profiler-bucket-allocator-granularity=16"
    "memorysetup-profiler-bucket-allocator-bucket-count=8"
    "memorysetup-profiler-bucket-allocator-block-size=33554432"
    "memorysetup-profiler-bucket-allocator-block-count=8"
    "memorysetup-profiler-allocator-block-size=16777216"
    "memorysetup-profiler-editor-allocator-block-size=1048576"
    "memorysetup-temp-allocator-size-main=16777216"
    "memorysetup-job-temp-allocator-block-size=2097152"
    "memorysetup-job-temp-allocator-block-size-background=1048576"
    "memorysetup-job-temp-allocator-reduction-small-platforms=262144"
    "memorysetup-allocator-temp-initial-block-size-main=262144"
    "memorysetup-allocator-temp-initial-block-size-worker=262144"
    "memorysetup-temp-allocator-size-background-worker=32768"
    "memorysetup-temp-allocator-size-job-worker=262144"
    "memorysetup-temp-allocator-size-preload-manager=33554432"
    "memorysetup-temp-allocator-size-nav-mesh-worker=65536"
    "memorysetup-temp-allocator-size-audio-worker=65536"
    "memorysetup-temp-allocator-size-cloud-worker=32768"
    "memorysetup-temp-allocator-size-gi-baking-worker=262144"
    "memorysetup-temp-allocator-size-gfx=262144"
Player connection [18388] Host "[IP] 10.119.200.255 [Port] 0 [Flags] 2 [Guid] 1295427692 [EditorId] 1295427692 [Version] 1048832 [Id] WindowsEditor(7,LAPTOP-8K59RUCM) [Debug] 1 [PackageName] WindowsEditor [ProjectName] Editor" joined multi-casting on [225.0.0.222:54997]...

Player connection [18388] Host "[IP] 10.119.200.255 [Port] 0 [Flags] 2 [Guid] 1295427692 [EditorId] 1295427692 [Version] 1048832 [Id] WindowsEditor(7,LAPTOP-8K59RUCM) [Debug] 1 [PackageName] WindowsEditor [ProjectName] Editor" joined alternative multi-casting on [225.0.0.222:34997]...

[Physics::Module] Initialized MultithreadedJobDispatcher with 19 workers.
Refreshing native plugins compatible for Editor in 8.00 ms, found 3 plugins.
Preloading 0 native plugins for Editor in 0.00 ms.
Initialize engine version: 2022.3.9f1 (ea401c316338)
[Subsystems] Discovering subsystems at path C:/Program Files/Unity/Hub/Editor/2022.3.9f1/Editor/Data/Resources/UnitySubsystems
[Subsystems] Discovering subsystems at path C:/Users/rhysc/OneDrive/Documents/GitHub/csc470-fall2023/assignments/04_flight/Assets
GfxDevice: creating device client; threaded=0; jobified=0
Direct3D:
    Version:  Direct3D 11.0 [level 11.1]
    Renderer: NVIDIA GeForce RTX 3070 Ti Laptop GPU (ID=0x24a0)
    Vendor:   NVIDIA
    VRAM:     8032 MB
    Driver:   31.0.15.3713
Initialize mono
Mono path[0] = 'C:/Program Files/Unity/Hub/Editor/2022.3.9f1/Editor/Data/Managed'
Mono path[1] = 'C:/Program Files/Unity/Hub/Editor/2022.3.9f1/Editor/Data/MonoBleedingEdge/lib/mono/unityjit-win32'
Mono config path = 'C:/Program Files/Unity/Hub/Editor/2022.3.9f1/Editor/Data/MonoBleedingEdge/etc'
Using monoOptions --debugger-agent=transport=dt_socket,embedding=1,server=y,suspend=n,address=127.0.0.1:56176
Begin MonoManager ReloadAssembly
Registering precompiled unity dll's ...
Register platform support module: C:/Program Files/Unity/Hub/Editor/2022.3.9f1/Editor/Data/PlaybackEngines/WebGLSupport/UnityEditor.WebGL.Extensions.dll
Register platform support module: C:/Program Files/Unity/Hub/Editor/2022.3.9f1/Editor/Data/PlaybackEngines/WindowsStandaloneSupport/UnityEditor.WindowsStandalone.Extensions.dll
Registered in 0.007554 seconds.
- Loaded All Assemblies, in  0.546 seconds
Native extension for WindowsStandalone target not found
Native extension for WebGL target not found
Mono: successfully reloaded assembly
- Finished resetting the current domain, in  0.304 seconds
Domain Reload Profiling: 849ms
	BeginReloadAssembly (198ms)
		ExecutionOrderSort (0ms)
		DisableScriptedObjects (0ms)
		BackupInstance (0ms)
		ReleaseScriptingObjects (0ms)
		CreateAndSetChildDomain (1ms)
	RebuildCommonClasses (46ms)
	RebuildNativeTypeToScriptingClass (14ms)
	initialDomainReloadingComplete (71ms)
	LoadAllAssembliesAndSetupDomain (215ms)
		LoadAssemblies (196ms)
		RebuildTransferFunctionScriptingTraits (0ms)
		AnalyzeDomain (211ms)
			TypeCache.Refresh (210ms)
				TypeCache.ScanAssembly (189ms)
			ScanForSourceGeneratedMonoScriptInfo (1ms)
			ResolveRequiredComponents (1ms)
	FinalizeReload (305ms)
		ReleaseScriptCaches (0ms)
		RebuildScriptCaches (0ms)
		SetupLoadedEditorAssemblies (235ms)
			LogAssemblyErrors (0ms)
			InitializePlatformSupportModulesInManaged (12ms)
			SetLoadedEditorAssemblies (8ms)
			RefreshPlugins (0ms)
			BeforeProcessingInitializeOnLoad (2ms)
			ProcessInitializeOnLoadAttributes (154ms)
			ProcessInitializeOnLoadMethodAttributes (58ms)
			AfterProcessingInitializeOnLoad (0ms)
			EditorAssembliesLoaded (0ms)
		ExecutionOrderSort2 (0ms)
		AwakeInstancesAfterBackupRestoration (0ms)
========================================================================
Worker process is ready to serve import requests
Begin MonoManager ReloadAssembly
- Loaded All Assemblies, in  0.704 seconds
Refreshing native plugins compatible for Editor in 2.75 ms, found 3 plugins.
Native extension for WindowsStandalone target not found
Native extension for WebGL target not found
Package Manager log level set to [2]
[Package Manager] Server::EnsureServerProcessIsRunning -- launch failed, reason: Unity was launched with the -noUpm command-line argument
[Package Manager] UpmClient::Send -- Unable to send message (not connected to UPM process).
[Package Manager] Cannot connect to Unity Package Manager local server
Mono: successfully reloaded assembly
- Finished resetting the current domain, in  0.587 seconds
Domain Reload Profiling: 1289ms
	BeginReloadAssembly (162ms)
		ExecutionOrderSort (0ms)
		DisableScriptedObjects (6ms)
		BackupInstance (0ms)
		ReleaseScriptingObjects (0ms)
		CreateAndSetChildDomain (24ms)
	RebuildCommonClasses (36ms)
	RebuildNativeTypeToScriptingClass (15ms)
	initialDomainReloadingComplete (57ms)
	LoadAllAssembliesAndSetupDomain (431ms)
		LoadAssemblies (333ms)
		RebuildTransferFunctionScriptingTraits (0ms)
		AnalyzeDomain (190ms)
			TypeCache.Refresh (170ms)
				TypeCache.ScanAssembly (154ms)
			ScanForSourceGeneratedMonoScriptInfo (15ms)
			ResolveRequiredComponents (4ms)
	FinalizeReload (587ms)
		ReleaseScriptCaches (0ms)
		RebuildScriptCaches (0ms)
		SetupLoadedEditorAssemblies (434ms)
			LogAssemblyErrors (0ms)
			InitializePlatformSupportModulesInManaged (7ms)
			SetLoadedEditorAssemblies (3ms)
			RefreshPlugins (0ms)
			BeforeProcessingInitializeOnLoad (64ms)
			ProcessInitializeOnLoadAttributes (333ms)
			ProcessInitializeOnLoadMethodAttributes (20ms)
			AfterProcessingInitializeOnLoad (5ms)
			EditorAssembliesLoaded (0ms)
		ExecutionOrderSort2 (0ms)
		AwakeInstancesAfterBackupRestoration (7ms)
Launched and connected shader compiler UnityShaderCompiler.exe after 0.12 seconds
Refreshing native plugins compatible for Editor in 3.07 ms, found 3 plugins.
Preloading 0 native plugins for Editor in 0.00 ms.
Unloading 3071 Unused Serialized files (Serialized files now loaded: 0)
Unloading 31 unused Assets / (56.3 KB). Loaded Objects now: 3534.
Memory consumption went from 115.3 MB to 115.2 MB.
Total: 3.635900 ms (FindLiveObjects: 0.389100 ms CreateObjectMapping: 0.175300 ms MarkObjects: 2.917800 ms  DeleteObjects: 0.151200 ms)

AssetImportParameters requested are different than current active one (requested -> active):
  custom:container-demuxer-ogg: 62fdf1f143b41e24485cea50d1cbac27 -> 
  custom:video-codec-MediaFoundation-h265: 746d11721c4dcdbdad8f713fa42b33f4 -> 
  custom:video-decoder-ogg-theora: a1e56fd34408186e4bbccfd4996cb3dc -> 
  custom:framework-win-MediaFoundation: 216162199b28c13a410421893ffa2e32 -> 
  custom:CustomObjectIndexerAttribute: 756ad292c208cfabdd7b50bc23989ffe -> 
  custom:container-demuxer-webm: 4f35f7cbe854078d1ac9338744f61a02 -> 
  custom:container-muxer-webm: aa71ff27fc2769a1b78a27578f13a17b -> 
  custom:video-decoder-webm-vp8: 9c59270c3fd7afecdb556c50c9e8de78 -> 
  custom:SearchIndexIgnoredProperties: e643bd26f0fe6173181afceb89e7c659 -> 
  custom:AudioImporter_EditorPlatform: d09bf68614088b80899f8185d706f6e7 -> 
  custom:video-encoder-webm-vp8: eb34c28f22e8b96e1ab97ce403110664 -> 
  custom:audio-decoder-ogg-vorbis: bf7c407c2cedff20999df2af8eb42d56 -> 
  custom:audio-encoder-webm-vorbis: bf7c407c2cedff20999df2af8eb42d56 -> 
========================================================================
Received Import Request.
  Time since last request: 86724.796490 seconds.
  path: Assets/LowlyPoly/Free Stylized Textures/Textures/Vol_100_1_Pixel_Ambient_Occlusion.png
  artifactKey: Guid(60ee790001468ae42b3abb898be0a0d9) Importer(2089858483,0ecaa5967403d082aa24f35e1b516d23)
Start importing Assets/LowlyPoly/Free Stylized Textures/Textures/Vol_100_1_Pixel_Ambient_Occlusion.png using Guid(60ee790001468ae42b3abb898be0a0d9) Importer(2089858483,0ecaa5967403d082aa24f35e1b516d23) Generated GUIDs only implemented for interfaces!
 -> (artifact id: 'd8f50707acc59df2f4c151e4dfe54b4a') in 0.225839 seconds
Number of updated asset objects reloaded before import = 0
Number of asset objects unloaded after import = 1
========================================================================
Received Import Request.
  Time since last request: 0.000036 seconds.
  path: Assets/LowlyPoly/Free Stylized Textures/Textures/Vol_27_4_Lava_Normal.png
  artifactKey: Guid(6ccdca07ad7366a4a82be4158f476e9c) Importer(2089858483,0ecaa5967403d082aa24f35e1b516d23)
Start importing Assets/LowlyPoly/Free Stylized Textures/Textures/Vol_27_4_Lava_Normal.png using Guid(6ccdca07ad7366a4a82be4158f476e9c) Importer(2089858483,0ecaa5967403d082aa24f35e1b516d23) Generated GUIDs only implemented for interfaces!
 -> (artifact id: '248ad3f10c751bfd2ba2d9f040c8824c') in 0.056869 seconds
Number of updated asset objects reloaded before import = 0
Number of asset objects unloaded after import = 1
========================================================================
Received Import Request.
  Time since last request: 0.000048 seconds.
  path: Assets/LowlyPoly/Free Stylized Textures/Textures/Vol_23_1_Rocks_Height.png
  artifactKey: Guid(5dd5833fe203510408d24955f0ab7284) Importer(2089858483,0ecaa5967403d082aa24f35e1b516d23)
Start importing Assets/LowlyPoly/Free Stylized Textures/Textures/Vol_23_1_Rocks_Height.png using Guid(5dd5833fe203510408d24955f0ab7284) Importer(2089858483,0ecaa5967403d082aa24f35e1b516d23) Generated GUIDs only implemented for interfaces!
 -> (artifact id: 'af08cd194941592acb8bc396393a9aa9') in 0.041199 seconds
Number of updated asset objects reloaded before import = 0
Number of asset objects unloaded after import = 1
========================================================================
Received Import Request.
  Time since last request: 0.000191 seconds.
  path: Assets/LowlyPoly/Free Stylized Textures/Materials/Vol_46_2_Tiles.mat
  artifactKey: Guid(7f46efa3bb98bb44ea780a4a417b4f75) Importer(2089858483,0ecaa5967403d082aa24f35e1b516d23)
Start importing Assets/LowlyPoly/Free Stylized Textures/Materials/Vol_46_2_Tiles.mat using Guid(7f46efa3bb98bb44ea780a4a417b4f75) Importer(2089858483,0ecaa5967403d082aa24f35e1b516d23) Generated GUIDs only implemented for interfaces!
 -> (artifact id: '45696cfd0d3572d8c13c65fb2603df43') in 0.177860 seconds
Number of updated asset objects reloaded before import = 0
Number of asset objects unloaded after import = 6
========================================================================
Received Import Request.
  Time since last request: 0.000041 seconds.
  path: Assets/LowlyPoly/Free Stylized Textures/Materials/Vol_18_2_Metals.mat
  artifactKey: Guid(118675f9ee3b22c43a2f8841d6206b1b) Importer(2089858483,0ecaa5967403d082aa24f35e1b516d23)
Start importing Assets/LowlyPoly/Free Stylized Textures/Materials/Vol_18_2_Metals.mat using Guid(118675f9ee3b22c43a2f8841d6206b1b) Importer(2089858483,0ecaa5967403d082aa24f35e1b516d23) Generated GUIDs only implemented for interfaces!
 -> (artifact id: '7aa0b390c8cdae351a4de57e1a7d0f6d') in 0.108097 seconds
Number of updated asset objects reloaded before import = 0
Number of asset objects unloaded after import = 5
========================================================================
Received Import Request.
  Time since last request: 0.000059 seconds.
  path: Assets/LowlyPoly/Free Stylized Textures/Textures/Vol_35_1_Lava_Emissive.png
  artifactKey: Guid(b35315e0a87bc50409157914c2aa909c) Importer(2089858483,0ecaa5967403d082aa24f35e1b516d23)
Start importing Assets/LowlyPoly/Free Stylized Textures/Textures/Vol_35_1_Lava_Emissive.png using Guid(b35315e0a87bc50409157914c2aa909c) Importer(2089858483,0ecaa5967403d082aa24f35e1b516d23) Generated GUIDs only implemented for interfaces!
 -> (artifact id: '91321e0055f36cbede8b0ca93d164ae7') in 0.051999 seconds
Number of updated asset objects reloaded before import = 0
Number of asset objects unloaded after import = 1
========================================================================
Received Import Request.
  Time since last request: 0.000108 seconds.
  path: Assets/LowlyPoly/Free Stylized Textures/Textures/Vol_27_4_Lava_Base_Color.png
  artifactKey: Guid(403e336e5700c724790ded62c739d511) Importer(2089858483,0ecaa5967403d082aa24f35e1b516d23)
Start importing Assets/LowlyPoly/Free Stylized Textures/Textures/Vol_27_4_Lava_Base_Color.png using Guid(403e336e5700c724790ded62c739d511) Importer(2089858483,0ecaa5967403d082aa24f35e1b516d23) Generated GUIDs only implemented for interfaces!
 -> (artifact id: '5be30f54cfb0554aebaf86dfd882a60a') in 0.066146 seconds
Number of updated asset objects reloaded before import = 0
Number of asset objects unloaded after import = 1
========================================================================
Received Import Request.
  Time since last request: 0.000344 seconds.
  path: Assets/LowlyPoly/Free Stylized Textures/Textures/Vol_35_3_Lava_Roughness.png
  artifactKey: Guid(72c26281599821f4fad0e053c0dd5fe0) Importer(2089858483,0ecaa5967403d082aa24f35e1b516d23)
Start importing Assets/LowlyPoly/Free Stylized Textures/Textures/Vol_35_3_Lava_Roughness.png using Guid(72c26281599821f4fad0e053c0dd5fe0) Importer(2089858483,0ecaa5967403d082aa24f35e1b516d23) Generated GUIDs only implemented for interfaces!
 -> (artifact id: 'cede5fcd2e2c57e47f879e83ecbf3260') in 0.078940 seconds
Number of updated asset objects reloaded before import = 0
Number of asset objects unloaded after import = 1
========================================================================
Received Import Request.
  Time since last request: 0.000042 seconds.
  path: Assets/LowlyPoly/Free Stylized Textures/Textures/Vol_67_3_Tile_Ambient_Occlusion.png
  artifactKey: Guid(4b2e503f9242bc24db88c9f688628edd) Importer(2089858483,0ecaa5967403d082aa24f35e1b516d23)
Start importing Assets/LowlyPoly/Free Stylized Textures/Textures/Vol_67_3_Tile_Ambient_Occlusion.png using Guid(4b2e503f9242bc24db88c9f688628edd) Importer(2089858483,0ecaa5967403d082aa24f35e1b516d23) Generated GUIDs only implemented for interfaces!
 -> (artifact id: '71d247805c09999490b3d87d09e364a1') in 0.050758 seconds
Number of updated asset objects reloaded before import = 0
Number of asset objects unloaded after import = 1
========================================================================
Received Import Request.
  Time since last request: 0.000066 seconds.
  path: Assets/LowlyPoly/Free Stylized Textures/Textures/Vol_49_5_Rocks_Roughness.png
  artifactKey: Guid(4b087c98e8296f740a51633c37bccfb1) Importer(2089858483,0ecaa5967403d082aa24f35e1b516d23)
Start importing Assets/LowlyPoly/Free Stylized Textures/Textures/Vol_49_5_Rocks_Roughness.png using Guid(4b087c98e8296f740a51633c37bccfb1) Importer(2089858483,0ecaa5967403d082aa24f35e1b516d23) Generated GUIDs only implemented for interfaces!
 -> (artifact id: '3f58ae150efc29e7d13dc2aac20c2dcc') in 0.049868 seconds
Number of updated asset objects reloaded before import = 0
Number of asset objects unloaded after import = 1
========================================================================
Received Import Request.
  Time since last request: 0.000076 seconds.
  path: Assets/LowlyPoly/Free Stylized Textures/Textures/Vol_79_5_Sci-fi_Ambient_Occlusion.png
  artifactKey: Guid(f5d7eb09ca80c5942b6f60a5e3b8e6cd) Importer(2089858483,0ecaa5967403d082aa24f35e1b516d23)
Start importing Assets/LowlyPoly/Free Stylized Textures/Textures/Vol_79_5_Sci-fi_Ambient_Occlusion.png using Guid(f5d7eb09ca80c5942b6f60a5e3b8e6cd) Importer(2089858483,0ecaa5967403d082aa24f35e1b516d23) Generated GUIDs only implemented for interfaces!
 -> (artifact id: '90853807c95dfc2ae69d77b8616a21e8') in 0.053038 seconds
Number of updated asset objects reloaded before import = 0
Number of asset objects unloaded after import = 1
========================================================================
Received Import Request.
  Time since last request: 0.000139 seconds.
  path: Assets/LowlyPoly/Free Stylized Textures/Textures/Vol_23_1_Rocks_Roughness.png
  artifactKey: Guid(1288cf61212e10c4391b6a2f9a85739f) Importer(2089858483,0ecaa5967403d082aa24f35e1b516d23)
Start importing Assets/LowlyPoly/Free Stylized Textures/Textures/Vol_23_1_Rocks_Roughness.png using Guid(1288cf61212e10c4391b6a2f9a85739f) Importer(2089858483,0ecaa5967403d082aa24f35e1b516d23) Generated GUIDs only implemented for interfaces!
 -> (artifact id: 'b90de66f7f38bd7f917d3037beae6f27') in 0.061371 seconds
Number of updated asset objects reloaded before import = 0
Number of asset objects unloaded after import = 1
========================================================================
Received Import Request.
  Time since last request: 0.000134 seconds.
  path: Assets/LowlyPoly/Free Stylized Textures/Textures/Vol_58_1_Surface_Ambient_Occlusion.png
  artifactKey: Guid(57ab2c32017637448966a5c46ecf7d40) Importer(2089858483,0ecaa5967403d082aa24f35e1b516d23)
Start importing Assets/LowlyPoly/Free Stylized Textures/Textures/Vol_58_1_Surface_Ambient_Occlusion.png using Guid(57ab2c32017637448966a5c46ecf7d40) Importer(2089858483,0ecaa5967403d082aa24f35e1b516d23) Generated GUIDs only implemented for interfaces!
 -> (artifact id: '7a77386480be8dddf623edaf03cb6e20') in 0.051370 seconds
Number of updated asset objects reloaded before import = 0
Number of asset objects unloaded after import = 1
========================================================================
Received Import Request.
  Time since last request: 0.000083 seconds.
  path: Assets/LowlyPoly/Free Stylized Textures/Textures/Vol_46_2_Tiles_Base_Color.png
  artifactKey: Guid(a88ee9ed9af4fc946a99eb6839565475) Importer(2089858483,0ecaa5967403d082aa24f35e1b516d23)
Start importing Assets/LowlyPoly/Free Stylized Textures/Textures/Vol_46_2_Tiles_Base_Color.png using Guid(a88ee9ed9af4fc946a99eb6839565475) Importer(2089858483,0ecaa5967403d082aa24f35e1b516d23) Generated GUIDs only implemented for interfaces!
 -> (artifact id: '0c1b9d4c822d1366d18bcd64d8174493') in 0.049458 seconds
Number of updated asset objects reloaded before import = 0
Number of asset objects unloaded after import = 1
========================================================================
Received Import Request.
  Time since last request: 0.000097 seconds.
  path: Assets/LowlyPoly/Free Stylized Textures/Materials/Vol_23_1_Rocks.mat
  artifactKey: Guid(43ca10b6d3421d546832de715a9d893f) Importer(2089858483,0ecaa5967403d082aa24f35e1b516d23)
Start importing Assets/LowlyPoly/Free Stylized Textures/Materials/Vol_23_1_Rocks.mat using Guid(43ca10b6d3421d546832de715a9d893f) Importer(2089858483,0ecaa5967403d082aa24f35e1b516d23) Generated GUIDs only implemented for interfaces!
 -> (artifact id: 'd7d7441b12277f093f94effa80b55163') in 0.266644 seconds
Number of updated asset objects reloaded before import = 0
Number of asset objects unloaded after import = 5
========================================================================
Received Import Request.
  Time since last request: 0.000097 seconds.
  path: Assets/LowlyPoly/Free Stylized Textures/Textures/Vol_79_5_Sci-fi_Roughness.png
  artifactKey: Guid(cf2110a28d8268b4bb773e3e78c9b990) Importer(2089858483,0ecaa5967403d082aa24f35e1b516d23)
Start importing Assets/LowlyPoly/Free Stylized Textures/Textures/Vol_79_5_Sci-fi_Roughness.png using Guid(cf2110a28d8268b4bb773e3e78c9b990) Importer(2089858483,0ecaa5967403d082aa24f35e1b516d23) Generated GUIDs only implemented for interfaces!
 -> (artifact id: 'bd91ae626f41b093977a743566756e06') in 0.173293 seconds
Number of updated asset objects reloaded before import = 0
Number of asset objects unloaded after import = 1
========================================================================
Received Import Request.
  Time since last request: 0.000239 seconds.
  path: Assets/LowlyPoly/Free Stylized Textures/Textures/Vol_81_3_Sci-fi_Roughness.png
  artifactKey: Guid(885ec0940aa26d64281f9cf895aabf73) Importer(2089858483,0ecaa5967403d082aa24f35e1b516d23)
Start importing Assets/LowlyPoly/Free Stylized Textures/Textures/Vol_81_3_Sci-fi_Roughness.png using Guid(885ec0940aa26d64281f9cf895aabf73) Importer(2089858483,0ecaa5967403d082aa24f35e1b516d23) Generated GUIDs only implemented for interfaces!
 -> (artifact id: '0f9763a6e68f230c7570dc6c97bad2f9') in 0.099576 seconds
Number of updated asset objects reloaded before import = 0
Number of asset objects unloaded after import = 1
========================================================================
Received Import Request.
  Time since last request: 0.000246 seconds.
  path: Assets/LowlyPoly/Free Stylized Textures/Textures/Vol_26_2_Cliffs_Normal.png
  artifactKey: Guid(40cfe12abc15c114c9e32d8c0d5670b9) Importer(2089858483,0ecaa5967403d082aa24f35e1b516d23)
Start importing Assets/LowlyPoly/Free Stylized Textures/Textures/Vol_26_2_Cliffs_Normal.png using Guid(40cfe12abc15c114c9e32d8c0d5670b9) Importer(2089858483,0ecaa5967403d082aa24f35e1b516d23) Generated GUIDs only implemented for interfaces!
 -> (artifact id: '59d09079b477a0bafee545b81447f0e5') in 0.071488 seconds
Number of updated asset objects reloaded before import = 0
Number of asset objects unloaded after import = 1
========================================================================
Received Import Request.
  Time since last request: 0.000230 seconds.
  path: Assets/LowlyPoly/Free Stylized Textures/Textures/vol_2_3_Wood_Height.png
  artifactKey: Guid(f8af072333a7c6e49a1a1de5d106e5c4) Importer(2089858483,0ecaa5967403d082aa24f35e1b516d23)
Start importing Assets/LowlyPoly/Free Stylized Textures/Textures/vol_2_3_Wood_Height.png using Guid(f8af072333a7c6e49a1a1de5d106e5c4) Importer(2089858483,0ecaa5967403d082aa24f35e1b516d23) Generated GUIDs only implemented for interfaces!
 -> (artifact id: 'cbd8412830cb4e55e50622992ed47050') in 0.071385 seconds
Number of updated asset objects reloaded before import = 0
Number of asset objects unloaded after import = 1
========================================================================
Received Import Request.
  Time since last request: 0.000049 seconds.
  path: Assets/LowlyPoly/Free Stylized Textures/Textures/Vol_7_1_Tiles_Roughness.png
  artifactKey: Guid(aeba06a561ff961458da37a0a69eea0c) Importer(2089858483,0ecaa5967403d082aa24f35e1b516d23)
Start importing Assets/LowlyPoly/Free Stylized Textures/Textures/Vol_7_1_Tiles_Roughness.png using Guid(aeba06a561ff961458da37a0a69eea0c) Importer(2089858483,0ecaa5967403d082aa24f35e1b516d23) Generated GUIDs only implemented for interfaces!
 -> (artifact id: 'd403f6f5d7fd21ce9ffcfb934e00aa70') in 0.073286 seconds
Number of updated asset objects reloaded before import = 0
Number of asset objects unloaded after import = 1
========================================================================
Received Import Request.
  Time since last request: 0.000125 seconds.
  path: Assets/LowlyPoly/Free Stylized Textures/Textures/Vol_79_5_Sci-fi_Metallic.png
  artifactKey: Guid(8a467adbb676f034e89463f71c7a0e0a) Importer(2089858483,0ecaa5967403d082aa24f35e1b516d23)
Start importing Assets/LowlyPoly/Free Stylized Textures/Textures/Vol_79_5_Sci-fi_Metallic.png using Guid(8a467adbb676f034e89463f71c7a0e0a) Importer(2089858483,0ecaa5967403d082aa24f35e1b516d23) Generated GUIDs only implemented for interfaces!
 -> (artifact id: '80deb1c5607752dfa7c7f6dcabb2d450') in 0.111640 seconds
Number of updated asset objects reloaded before import = 0
Number of asset objects unloaded after import = 1
========================================================================
Received Import Request.
  Time since last request: 0.000149 seconds.
  path: Assets/LowlyPoly/Free Stylized Textures/Textures/Vol_16_2_Sand_Normal.png
  artifactKey: Guid(4afc1765a23e31b4d91c3c7223087506) Importer(2089858483,0ecaa5967403d082aa24f35e1b516d23)
Start importing Assets/LowlyPoly/Free Stylized Textures/Textures/Vol_16_2_Sand_Normal.png using Guid(4afc1765a23e31b4d91c3c7223087506) Importer(2089858483,0ecaa5967403d082aa24f35e1b516d23) Generated GUIDs only implemented for interfaces!
 -> (artifact id: 'afa3aefeb18a5911b3113cd3174eb3e6') in 0.085842 seconds
Number of updated asset objects reloaded before import = 0
Number of asset objects unloaded after import = 1
========================================================================
Received Import Request.
  Time since last request: 0.000154 seconds.
  path: Assets/LowlyPoly/Free Stylized Textures/Textures/Vol_67_3_Tile_Base_Color.png
  artifactKey: Guid(f4a8ed9d61a4bd44f812866147d00a66) Importer(2089858483,0ecaa5967403d082aa24f35e1b516d23)
Start importing Assets/LowlyPoly/Free Stylized Textures/Textures/Vol_67_3_Tile_Base_Color.png using Guid(f4a8ed9d61a4bd44f812866147d00a66) Importer(2089858483,0ecaa5967403d082aa24f35e1b516d23) Generated GUIDs only implemented for interfaces!
 -> (artifact id: 'f0586d1463580f851e883e38113677ed') in 0.294039 seconds
Number of updated asset objects reloaded before import = 0
Number of asset objects unloaded after import = 1
========================================================================
Received Import Request.
  Time since last request: 0.000036 seconds.
  path: Assets/LowlyPoly/Free Stylized Textures/Materials/Vol_67_3_Tile.mat
  artifactKey: Guid(b45a15fff385e4a46ab2bf7a9b0214e8) Importer(2089858483,0ecaa5967403d082aa24f35e1b516d23)
Start importing Assets/LowlyPoly/Free Stylized Textures/Materials/Vol_67_3_Tile.mat using Guid(b45a15fff385e4a46ab2bf7a9b0214e8) Importer(2089858483,0ecaa5967403d082aa24f35e1b516d23) Generated GUIDs only implemented for interfaces!
 -> (artifact id: 'f97d09132f716453f777fcd50f49cc5b') in 0.050033 seconds
Number of updated asset objects reloaded before import = 0
Number of asset objects unloaded after import = 6
========================================================================
Received Import Request.
  Time since last request: 0.000041 seconds.
  path: Assets/LowlyPoly/Free Stylized Textures/Textures/Vol_23_1_Rocks_Base_Color.png
  artifactKey: Guid(baf23df249cc3974fafd9a18167df712) Importer(2089858483,0ecaa5967403d082aa24f35e1b516d23)
Start importing Assets/LowlyPoly/Free Stylized Textures/Textures/Vol_23_1_Rocks_Base_Color.png using Guid(baf23df249cc3974fafd9a18167df712) Importer(2089858483,0ecaa5967403d082aa24f35e1b516d23) Generated GUIDs only implemented for interfaces!
 -> (artifact id: 'c45ca1b297055094f900d340393d6c4d') in 0.044522 seconds
Number of updated asset objects reloaded before import = 0
Number of asset objects unloaded after import = 1
========================================================================
Received Import Request.
  Time since last request: 0.000055 seconds.
  path: Assets/LowlyPoly/Free Stylized Textures/Textures/Vol_49_5_Rocks_Ambient_Occlusion.png
  artifactKey: Guid(49a081721f60c6a44bcae188078bd036) Importer(2089858483,0ecaa5967403d082aa24f35e1b516d23)
Start importing Assets/LowlyPoly/Free Stylized Textures/Textures/Vol_49_5_Rocks_Ambient_Occlusion.png using Guid(49a081721f60c6a44bcae188078bd036) Importer(2089858483,0ecaa5967403d082aa24f35e1b516d23) Generated GUIDs only implemented for interfaces!
 -> (artifact id: 'a73a49c61a6afbbd909780ad62e74096') in 0.126575 seconds
Number of updated asset objects reloaded before import = 0
Number of asset objects unloaded after import = 1
========================================================================
Received Import Request.
  Time since last request: 0.000181 seconds.
  path: Assets/LowlyPoly/Free Stylized Textures/Textures/vol_2_3_Wood_Base_Color.png
  artifactKey: Guid(9c4040e552b4ecf4c80b8f1c96d2aca2) Importer(2089858483,0ecaa5967403d082aa24f35e1b516d23)
Start importing Assets/LowlyPoly/Free Stylized Textures/Textures/vol_2_3_Wood_Base_Color.png using Guid(9c4040e552b4ecf4c80b8f1c96d2aca2) Importer(2089858483,0ecaa5967403d082aa24f35e1b516d23) Generated GUIDs only implemented for interfaces!
 -> (artifact id: '274b83c88a6d7f500119f7e265786d0f') in 0.072046 seconds
Number of updated asset objects reloaded before import = 0
Number of asset objects unloaded after import = 1
========================================================================
Received Import Request.
  Time since last request: 0.000064 seconds.
  path: Assets/LowlyPoly/Free Stylized Textures/Textures/Vol_34_2_Tiles_Normal.png
  artifactKey: Guid(1dc984f20cf5dc54092fac3b548c9582) Importer(2089858483,0ecaa5967403d082aa24f35e1b516d23)
Start importing Assets/LowlyPoly/Free Stylized Textures/Textures/Vol_34_2_Tiles_Normal.png using Guid(1dc984f20cf5dc54092fac3b548c9582) Importer(2089858483,0ecaa5967403d082aa24f35e1b516d23) Generated GUIDs only implemented for interfaces!
 -> (artifact id: 'dfb1d2e3cdb2d98809eec86e6f9cab3a') in 0.133897 seconds
Number of updated asset objects reloaded before import = 0
Number of asset objects unloaded after import = 1
========================================================================
Received Import Request.
  Time since last request: 0.000078 seconds.
  path: Assets/LowlyPoly/Free Stylized Textures/Textures/Vol_18_2_Metals_Normal.png
  artifactKey: Guid(e3ca3f1466bc02b4692c4d3673d16df5) Importer(2089858483,0ecaa5967403d082aa24f35e1b516d23)
Start importing Assets/LowlyPoly/Free Stylized Textures/Textures/Vol_18_2_Metals_Normal.png using Guid(e3ca3f1466bc02b4692c4d3673d16df5) Importer(2089858483,0ecaa5967403d082aa24f35e1b516d23) Generated GUIDs only implemented for interfaces!
 -> (artifact id: '122495a8e74b16817cffccab146aaf63') in 0.044104 seconds
Number of updated asset objects reloaded before import = 0
Number of asset objects unloaded after import = 1
========================================================================
Received Prepare
Refreshing native plugins compatible for Editor in 8.25 ms, found 3 plugins.
Preloading 0 native plugins for Editor in 0.00 ms.
Unloading 0 Unused Serialized files (Serialized files now loaded: 0)
Unloading 1 unused Assets / (0.8 KB). Loaded Objects now: 3534.
Memory consumption went from 66.5 MB to 66.5 MB.
Total: 7.479400 ms (FindLiveObjects: 0.449200 ms CreateObjectMapping: 0.601800 ms MarkObjects: 6.373900 ms  DeleteObjects: 0.052300 ms)

Prepare: number of updated asset objects reloaded= 0
AssetImportParameters requested are different than current active one (requested -> active):
  custom:container-demuxer-ogg: 62fdf1f143b41e24485cea50d1cbac27 -> 
  custom:video-codec-MediaFoundation-h265: 746d11721c4dcdbdad8f713fa42b33f4 -> 
  custom:video-decoder-ogg-theora: a1e56fd34408186e4bbccfd4996cb3dc -> 
  custom:framework-win-MediaFoundation: 216162199b28c13a410421893ffa2e32 -> 
  custom:CustomObjectIndexerAttribute: 756ad292c208cfabdd7b50bc23989ffe -> 
  custom:container-demuxer-webm: 4f35f7cbe854078d1ac9338744f61a02 -> 
  custom:container-muxer-webm: aa71ff27fc2769a1b78a27578f13a17b -> 
  custom:video-decoder-webm-vp8: 9c59270c3fd7afecdb556c50c9e8de78 -> 
  custom:SearchIndexIgnoredProperties: e643bd26f0fe6173181afceb89e7c659 -> 
  custom:AudioImporter_EditorPlatform: d09bf68614088b80899f8185d706f6e7 -> 
  custom:video-encoder-webm-vp8: eb34c28f22e8b96e1ab97ce403110664 -> 
  custom:audio-decoder-ogg-vorbis: bf7c407c2cedff20999df2af8eb42d56 -> 
  custom:audio-encoder-webm-vorbis: bf7c407c2cedff20999df2af8eb42d56 -> 
========================================================================
Received Prepare
Refreshing native plugins compatible for Editor in 7.71 ms, found 3 plugins.
Preloading 0 native plugins for Editor in 0.00 ms.
Unloading 1 Unused Serialized files (Serialized files now loaded: 0)
Unloading 1 unused Assets / (3.1 KB). Loaded Objects now: 3534.
Memory consumption went from 66.7 MB to 66.7 MB.
Total: 7.685100 ms (FindLiveObjects: 0.367700 ms CreateObjectMapping: 0.183400 ms MarkObjects: 6.969200 ms  DeleteObjects: 0.163100 ms)

Prepare: number of updated asset objects reloaded= 0
AssetImportParameters requested are different than current active one (requested -> active):
  custom:container-demuxer-ogg: 62fdf1f143b41e24485cea50d1cbac27 -> 
  custom:video-codec-MediaFoundation-h265: 746d11721c4dcdbdad8f713fa42b33f4 -> 
  custom:video-decoder-ogg-theora: a1e56fd34408186e4bbccfd4996cb3dc -> 
  custom:framework-win-MediaFoundation: 216162199b28c13a410421893ffa2e32 -> 
  custom:CustomObjectIndexerAttribute: 756ad292c208cfabdd7b50bc23989ffe -> 
  custom:container-demuxer-webm: 4f35f7cbe854078d1ac9338744f61a02 -> 
  custom:container-muxer-webm: aa71ff27fc2769a1b78a27578f13a17b -> 
  custom:video-decoder-webm-vp8: 9c59270c3fd7afecdb556c50c9e8de78 -> 
  custom:SearchIndexIgnoredProperties: e643bd26f0fe6173181afceb89e7c659 -> 
  custom:AudioImporter_EditorPlatform: d09bf68614088b80899f8185d706f6e7 -> 
  custom:video-encoder-webm-vp8: eb34c28f22e8b96e1ab97ce403110664 -> 
  custom:audio-decoder-ogg-vorbis: bf7c407c2cedff20999df2af8eb42d56 -> 
  custom:audio-encoder-webm-vorbis: bf7c407c2cedff20999df2af8eb42d56 -> 
========================================================================
Received Prepare
Begin MonoManager ReloadAssembly
- Loaded All Assemblies, in  0.567 seconds
Refreshing native plugins compatible for Editor in 3.78 ms, found 3 plugins.
Native extension for WindowsStandalone target not found
Native extension for WebGL target not found
[Package Manager] Server::EnsureServerProcessIsRunning -- launch failed, reason: Unity was launched with the -noUpm command-line argument
[Package Manager] UpmClient::Send -- Unable to send message (not connected to UPM process).
[Package Manager] Cannot connect to Unity Package Manager local server
Mono: successfully reloaded assembly
- Finished resetting the current domain, in  1.803 seconds
Domain Reload Profiling: 2368ms
	BeginReloadAssembly (177ms)
		ExecutionOrderSort (0ms)
		DisableScriptedObjects (8ms)
		BackupInstance (0ms)
		ReleaseScriptingObjects (0ms)
		CreateAndSetChildDomain (38ms)
	RebuildCommonClasses (37ms)
	RebuildNativeTypeToScriptingClass (13ms)
	initialDomainReloadingComplete (32ms)
	LoadAllAssembliesAndSetupDomain (305ms)
		LoadAssemblies (297ms)
		RebuildTransferFunctionScriptingTraits (0ms)
		AnalyzeDomain (105ms)
			TypeCache.Refresh (87ms)
				TypeCache.ScanAssembly (76ms)
			ScanForSourceGeneratedMonoScriptInfo (13ms)
			ResolveRequiredComponents (4ms)
	FinalizeReload (1804ms)
		ReleaseScriptCaches (0ms)
		RebuildScriptCaches (0ms)
		SetupLoadedEditorAssemblies (1171ms)
			LogAssemblyErrors (0ms)
			InitializePlatformSupportModulesInManaged (8ms)
			SetLoadedEditorAssemblies (4ms)
			RefreshPlugins (0ms)
			BeforeProcessingInitializeOnLoad (68ms)
			ProcessInitializeOnLoadAttributes (1040ms)
			ProcessInitializeOnLoadMethodAttributes (35ms)
			AfterProcessingInitializeOnLoad (16ms)
			EditorAssembliesLoaded (0ms)
		ExecutionOrderSort2 (0ms)
		AwakeInstancesAfterBackupRestoration (17ms)
Refreshing native plugins compatible for Editor in 8.20 ms, found 3 plugins.
Preloading 0 native plugins for Editor in 0.00 ms.
Unloading 3064 Unused Serialized files (Serialized files now loaded: 0)
Unloading 22 unused Assets / (30.5 KB). Loaded Objects now: 3537.
Memory consumption went from 114.4 MB to 114.3 MB.
Total: 4.313700 ms (FindLiveObjects: 0.317600 ms CreateObjectMapping: 0.109100 ms MarkObjects: 3.824000 ms  DeleteObjects: 0.061100 ms)

Prepare: number of updated asset objects reloaded= 0
AssetImportParameters requested are different than current active one (requested -> active):
  custom:container-demuxer-ogg: 62fdf1f143b41e24485cea50d1cbac27 -> 
  custom:video-codec-MediaFoundation-h265: 746d11721c4dcdbdad8f713fa42b33f4 -> 
  custom:video-decoder-ogg-theora: a1e56fd34408186e4bbccfd4996cb3dc -> 
  custom:framework-win-MediaFoundation: 216162199b28c13a410421893ffa2e32 -> 
  custom:CustomObjectIndexerAttribute: 756ad292c208cfabdd7b50bc23989ffe -> 
  custom:container-demuxer-webm: 4f35f7cbe854078d1ac9338744f61a02 -> 
  custom:container-muxer-webm: aa71ff27fc2769a1b78a27578f13a17b -> 
  custom:video-decoder-webm-vp8: 9c59270c3fd7afecdb556c50c9e8de78 -> 
  custom:SearchIndexIgnoredProperties: e643bd26f0fe6173181afceb89e7c659 -> 
  custom:AudioImporter_EditorPlatform: d09bf68614088b80899f8185d706f6e7 -> 
  custom:video-encoder-webm-vp8: eb34c28f22e8b96e1ab97ce403110664 -> 
  custom:audio-decoder-ogg-vorbis: bf7c407c2cedff20999df2af8eb42d56 -> 
  custom:audio-encoder-webm-vorbis: bf7c407c2cedff20999df2af8eb42d56 -> 
========================================================================
Received Prepare
Refreshing native plugins compatible for Editor in 2.75 ms, found 3 plugins.
Preloading 0 native plugins for Editor in 0.00 ms.
Unloading 1 Unused Serialized files (Serialized files now loaded: 0)
Unloading 1 unused Assets / (3.0 KB). Loaded Objects now: 3537.
Memory consumption went from 67.0 MB to 67.0 MB.
Total: 3.563000 ms (FindLiveObjects: 0.218800 ms CreateObjectMapping: 0.098000 ms MarkObjects: 3.222400 ms  DeleteObjects: 0.022600 ms)

Prepare: number of updated asset objects reloaded= 0
AssetImportParameters requested are different than current active one (requested -> active):
  custom:container-demuxer-ogg: 62fdf1f143b41e24485cea50d1cbac27 -> 
  custom:video-codec-MediaFoundation-h265: 746d11721c4dcdbdad8f713fa42b33f4 -> 
  custom:video-decoder-ogg-theora: a1e56fd34408186e4bbccfd4996cb3dc -> 
  custom:framework-win-MediaFoundation: 216162199b28c13a410421893ffa2e32 -> 
  custom:CustomObjectIndexerAttribute: 756ad292c208cfabdd7b50bc23989ffe -> 
  custom:container-demuxer-webm: 4f35f7cbe854078d1ac9338744f61a02 -> 
  custom:container-muxer-webm: aa71ff27fc2769a1b78a27578f13a17b -> 
  custom:video-decoder-webm-vp8: 9c59270c3fd7afecdb556c50c9e8de78 -> 
  custom:SearchIndexIgnoredProperties: e643bd26f0fe6173181afceb89e7c659 -> 
  custom:AudioImporter_EditorPlatform: d09bf68614088b80899f8185d706f6e7 -> 
  custom:video-encoder-webm-vp8: eb34c28f22e8b96e1ab97ce403110664 -> 
  custom:audio-decoder-ogg-vorbis: bf7c407c2cedff20999df2af8eb42d56 -> 
  custom:audio-encoder-webm-vorbis: bf7c407c2cedff20999df2af8eb42d56 -> 
